<?xml version="1.0" encoding="UTF-8"?>
<!-- Generated by org.testng.reporters.JUnitXMLReporter -->
<testsuite ignored="0" hostname="LAPTOP" failures="1" tests="2" name="grouping" time="48.334" errors="0" timestamp="2026-02-03T06:24:58 IST">
  <testcase classname="testcases.TC001_AccountRegisterationPage" name="Verify_Account_Registeration" time="7.875"/>
  <testcase classname="testcases.TC002_Verify_LoginTest" name="LoginTest" time="31.589">
    <failure type="java.lang.AssertionError" message="expected [true] but found [false]">
      <![CDATA[java.lang.AssertionError: expected [true] but found [false]
at testcases.TC002_Verify_LoginTest.LoginTest(TC002_Verify_LoginTest.java:30)
at java.base/java.util.ArrayList.forEach(ArrayList.java:1596)
... Removed 29 stack frames]]>
    </failure>
  </testcase> <!-- LoginTest -->
</testsuite> <!-- grouping -->
