<?xml version="1.0" encoding="UTF-8"?>
<!-- Generated by org.testng.reporters.JUnitXMLReporter -->
<testsuite ignored="0" hostname="LAPTOP" failures="0" tests="2" name="accountRegisteration" time="21.776" errors="0" timestamp="2026-02-03T14:18:34 IST">
  <testcase classname="testcases.TC001_AccountRegisterationPage" name="Verify_Account_Registeration" time="8.524"/>
  <testcase classname="testcases.TC002_Verify_LoginTest" name="LoginTest" time="2.232"/>
</testsuite> <!-- accountRegisteration -->
