<?xml version="1.0" encoding="UTF-8"?>
<!-- Generated by org.testng.reporters.JUnitXMLReporter -->
<testsuite ignored="2" hostname="LAPTOP" failures="0" tests="0" time="0.414" errors="0" timestamp="2026-02-03T13:44:39 IST">
  <testcase classname="testcases.TC001_AccountRegisterationPage" name="Verify_Account_Registeration" time="0.0">
    <ignored/>
  </testcase> <!-- Verify_Account_Registeration -->
  <testcase classname="testcases.TC002_Verify_LoginTest" name="LoginTest" time="0.0">
    <ignored/>
  </testcase> <!-- LoginTest -->
</testsuite>
