<?xml version="1.0" encoding="UTF-8"?>
<testng-results ignored="0" total="2" passed="2" failed="0" skipped="0">
  <reporter-output>
  </reporter-output>
  <suite started-at="2026-02-03T14:18:11 IST" name="Suite" finished-at="2026-02-03T14:18:33 IST" duration-ms="21776">
    <groups>
      <group name="Master">
        <method signature="TC001_AccountRegisterationPage.Verify_Account_Registeration()[pri:0, instance:testcases.TC001_AccountRegisterationPage@399f45b1]" name="Verify_Account_Registeration" class="testcases.TC001_AccountRegisterationPage"/>
        <method signature="TC002_Verify_LoginTest.LoginTest()[pri:0, instance:testcases.TC002_Verify_LoginTest@7e07db1f]" name="LoginTest" class="testcases.TC002_Verify_LoginTest"/>
      </group> <!-- Master -->
      <group name="Sanity">
        <method signature="TC002_Verify_LoginTest.LoginTest()[pri:0, instance:testcases.TC002_Verify_LoginTest@7e07db1f]" name="LoginTest" class="testcases.TC002_Verify_LoginTest"/>
      </group> <!-- Sanity -->
      <group name="Regression">
        <method signature="TC001_AccountRegisterationPage.Verify_Account_Registeration()[pri:0, instance:testcases.TC001_AccountRegisterationPage@399f45b1]" name="Verify_Account_Registeration" class="testcases.TC001_AccountRegisterationPage"/>
      </group> <!-- Regression -->
    </groups>
    <test started-at="2026-02-03T14:18:11 IST" name="accountRegisteration" finished-at="2026-02-03T14:18:33 IST" duration-ms="21776">
      <class name="testcases.TC002_Verify_LoginTest">
        <test-method is-config="true" signature="setUp(java.lang.String,java.lang.String)[pri:0, instance:testcases.TC002_Verify_LoginTest@7e07db1f]" started-at="2026-02-03T14:18:27 IST" name="setUp" finished-at="2026-02-03T14:18:30 IST" duration-ms="2887" status="PASS">
          <params>
            <param index="0">
              <value>
                <![CDATA[chrome]]>
              </value>
            </param>
            <param index="1">
              <value>
                <![CDATA[Windows]]>
              </value>
            </param>
          </params>
          <reporter-output>
          </reporter-output>
        </test-method> <!-- setUp -->
        <test-method signature="LoginTest()[pri:0, instance:testcases.TC002_Verify_LoginTest@7e07db1f]" started-at="2026-02-03T14:18:30 IST" name="LoginTest" finished-at="2026-02-03T14:18:32 IST" duration-ms="2232" status="PASS">
          <reporter-output>
          </reporter-output>
        </test-method> <!-- LoginTest -->
        <test-method is-config="true" signature="tearDown()[pri:0, instance:testcases.TC002_Verify_LoginTest@7e07db1f]" started-at="2026-02-03T14:18:32 IST" name="tearDown" finished-at="2026-02-03T14:18:33 IST" duration-ms="461" status="PASS">
          <reporter-output>
          </reporter-output>
        </test-method> <!-- tearDown -->
      </class> <!-- testcases.TC002_Verify_LoginTest -->
      <class name="testcases.TC001_AccountRegisterationPage">
        <test-method is-config="true" signature="setUp(java.lang.String,java.lang.String)[pri:0, instance:testcases.TC001_AccountRegisterationPage@399f45b1]" started-at="2026-02-03T14:18:12 IST" name="setUp" finished-at="2026-02-03T14:18:18 IST" duration-ms="6443" status="PASS">
          <params>
            <param index="0">
              <value>
                <![CDATA[chrome]]>
              </value>
            </param>
            <param index="1">
              <value>
                <![CDATA[Windows]]>
              </value>
            </param>
          </params>
          <reporter-output>
          </reporter-output>
        </test-method> <!-- setUp -->
        <test-method signature="Verify_Account_Registeration()[pri:0, instance:testcases.TC001_AccountRegisterationPage@399f45b1]" started-at="2026-02-03T14:18:18 IST" name="Verify_Account_Registeration" finished-at="2026-02-03T14:18:27 IST" duration-ms="8524" status="PASS">
          <reporter-output>
          </reporter-output>
        </test-method> <!-- Verify_Account_Registeration -->
        <test-method is-config="true" signature="tearDown()[pri:0, instance:testcases.TC001_AccountRegisterationPage@399f45b1]" started-at="2026-02-03T14:18:27 IST" name="tearDown" finished-at="2026-02-03T14:18:27 IST" duration-ms="520" status="PASS">
          <reporter-output>
          </reporter-output>
        </test-method> <!-- tearDown -->
      </class> <!-- testcases.TC001_AccountRegisterationPage -->
    </test> <!-- accountRegisteration -->
  </suite> <!-- Suite -->
</testng-results>
