<?xml version="1.0" encoding="UTF-8"?>
<testng-results ignored="0" total="2" passed="1" failed="1" skipped="0">
  <reporter-output>
  </reporter-output>
  <suite started-at="2026-02-03T06:24:08 IST" name="Suite" finished-at="2026-02-03T06:24:57 IST" duration-ms="48334">
    <groups>
      <group name="Master">
        <method signature="TC001_AccountRegisterationPage.Verify_Account_Registeration()[pri:0, instance:testcases.TC001_AccountRegisterationPage@45c7e403]" name="Verify_Account_Registeration" class="testcases.TC001_AccountRegisterationPage"/>
        <method signature="TC002_Verify_LoginTest.LoginTest()[pri:0, instance:testcases.TC002_Verify_LoginTest@6ad82709]" name="LoginTest" class="testcases.TC002_Verify_LoginTest"/>
      </group> <!-- Master -->
      <group name="Sanity">
        <method signature="TC002_Verify_LoginTest.LoginTest()[pri:0, instance:testcases.TC002_Verify_LoginTest@6ad82709]" name="LoginTest" class="testcases.TC002_Verify_LoginTest"/>
      </group> <!-- Sanity -->
      <group name="Regression">
        <method signature="TC001_AccountRegisterationPage.Verify_Account_Registeration()[pri:0, instance:testcases.TC001_AccountRegisterationPage@45c7e403]" name="Verify_Account_Registeration" class="testcases.TC001_AccountRegisterationPage"/>
      </group> <!-- Regression -->
    </groups>
    <test started-at="2026-02-03T06:24:08 IST" name="grouping" finished-at="2026-02-03T06:24:57 IST" duration-ms="48334">
      <class name="testcases.TC002_Verify_LoginTest">
        <test-method is-config="true" signature="setUp(java.lang.String,java.lang.String)[pri:0, instance:testcases.TC002_Verify_LoginTest@6ad82709]" started-at="2026-02-03T06:24:22 IST" name="setUp" finished-at="2026-02-03T06:24:25 IST" duration-ms="2362" status="PASS">
          <params>
            <param index="0">
              <value>
                <![CDATA[chrome]]>
              </value>
            </param>
            <param index="1">
              <value>
                <![CDATA[Windows]]>
              </value>
            </param>
          </params>
          <reporter-output>
          </reporter-output>
        </test-method> <!-- setUp -->
        <test-method signature="LoginTest()[pri:0, instance:testcases.TC002_Verify_LoginTest@6ad82709]" started-at="2026-02-03T06:24:25 IST" name="LoginTest" finished-at="2026-02-03T06:24:56 IST" duration-ms="31589" status="FAIL">
          <exception class="java.lang.AssertionError">
            <message>
              <![CDATA[expected [true] but found [false]]]>
            </message>
            <full-stacktrace>
              <![CDATA[java.lang.AssertionError: expected [true] but found [false]
at org.testng.Assert.fail(Assert.java:111)
at org.testng.Assert.failNotEquals(Assert.java:1590)
at org.testng.Assert.assertTrue(Assert.java:57)
at org.testng.Assert.assertTrue(Assert.java:67)
at testcases.TC002_Verify_LoginTest.LoginTest(TC002_Verify_LoginTest.java:30)
at java.base/jdk.internal.reflect.DirectMethodHandleAccessor.invoke(DirectMethodHandleAccessor.java:103)
at java.base/java.lang.reflect.Method.invoke(Method.java:580)
at org.testng.internal.invokers.MethodInvocationHelper.invokeMethod(MethodInvocationHelper.java:141)
at org.testng.internal.invokers.TestInvoker.invokeMethod(TestInvoker.java:687)
at org.testng.internal.invokers.TestInvoker.invokeTestMethod(TestInvoker.java:230)
at org.testng.internal.invokers.MethodRunner.runInSequence(MethodRunner.java:63)
at org.testng.internal.invokers.TestInvoker$MethodInvocationAgent.invoke(TestInvoker.java:995)
at org.testng.internal.invokers.TestInvoker.invokeTestMethods(TestInvoker.java:203)
at org.testng.internal.invokers.TestMethodWorker.invokeTestMethods(TestMethodWorker.java:154)
at org.testng.internal.invokers.TestMethodWorker.run(TestMethodWorker.java:134)
at java.base/java.util.ArrayList.forEach(ArrayList.java:1596)
at org.testng.TestRunner.privateRun(TestRunner.java:741)
at org.testng.TestRunner.run(TestRunner.java:616)
at org.testng.SuiteRunner.runTest(SuiteRunner.java:421)
at org.testng.SuiteRunner.runSequentially(SuiteRunner.java:413)
at org.testng.SuiteRunner.privateRun(SuiteRunner.java:373)
at org.testng.SuiteRunner.run(SuiteRunner.java:312)
at org.testng.SuiteRunnerWorker.runSuite(SuiteRunnerWorker.java:52)
at org.testng.SuiteRunnerWorker.run(SuiteRunnerWorker.java:95)
at org.testng.TestNG.runSuitesSequentially(TestNG.java:1274)
at org.testng.TestNG.runSuitesLocally(TestNG.java:1208)
at org.testng.TestNG.runSuites(TestNG.java:1112)
at org.testng.TestNG.run(TestNG.java:1079)
at org.testng.remote.AbstractRemoteTestNG.run(AbstractRemoteTestNG.java:115)
at org.testng.remote.RemoteTestNG.initAndRun(RemoteTestNG.java:293)
at org.testng.remote.RemoteTestNG.main(RemoteTestNG.java:91)
]]>
            </full-stacktrace>
          </exception> <!-- java.lang.AssertionError -->
          <reporter-output>
          </reporter-output>
        </test-method> <!-- LoginTest -->
        <test-method is-config="true" signature="tearDown()[pri:0, instance:testcases.TC002_Verify_LoginTest@6ad82709]" started-at="2026-02-03T06:24:56 IST" name="tearDown" finished-at="2026-02-03T06:24:57 IST" duration-ms="316" status="PASS">
          <reporter-output>
          </reporter-output>
        </test-method> <!-- tearDown -->
      </class> <!-- testcases.TC002_Verify_LoginTest -->
      <class name="testcases.TC001_AccountRegisterationPage">
        <test-method is-config="true" signature="setUp(java.lang.String,java.lang.String)[pri:0, instance:testcases.TC001_AccountRegisterationPage@45c7e403]" started-at="2026-02-03T06:24:09 IST" name="setUp" finished-at="2026-02-03T06:24:14 IST" duration-ms="5050" status="PASS">
          <params>
            <param index="0">
              <value>
                <![CDATA[chrome]]>
              </value>
            </param>
            <param index="1">
              <value>
                <![CDATA[Windows]]>
              </value>
            </param>
          </params>
          <reporter-output>
          </reporter-output>
        </test-method> <!-- setUp -->
        <test-method signature="Verify_Account_Registeration()[pri:0, instance:testcases.TC001_AccountRegisterationPage@45c7e403]" started-at="2026-02-03T06:24:14 IST" name="Verify_Account_Registeration" finished-at="2026-02-03T06:24:22 IST" duration-ms="7875" status="PASS">
          <reporter-output>
          </reporter-output>
        </test-method> <!-- Verify_Account_Registeration -->
        <test-method is-config="true" signature="tearDown()[pri:0, instance:testcases.TC001_AccountRegisterationPage@45c7e403]" started-at="2026-02-03T06:24:22 IST" name="tearDown" finished-at="2026-02-03T06:24:22 IST" duration-ms="402" status="PASS">
          <reporter-output>
          </reporter-output>
        </test-method> <!-- tearDown -->
      </class> <!-- testcases.TC001_AccountRegisterationPage -->
    </test> <!-- grouping -->
  </suite> <!-- Suite -->
</testng-results>
